TN:
SF:src/Queue/AbstractQueue.ts
FNF:0
FNH:0
DA:4,1
LF:1
LH:1
BRF:0
BRH:0
end_of_record
TN:
SF:src/Queue/Queue.interface.ts
FN:10,(anonymous_0)
FN:16,(anonymous_1)
FNF:2
FNH:2
FNDA:1,(anonymous_0)
FNDA:4,(anonymous_1)
DA:10,1
DA:11,1
DA:12,1
DA:15,1
DA:17,4
DA:18,4
DA:19,4
LF:7
LH:7
BRDA:10,0,0,1
BRDA:10,0,1,1
BRF:2
BRH:2
end_of_record
TN:
SF:src/Queue/Queue.ts
FN:4,(anonymous_0)
FN:8,(anonymous_1)
FN:15,(anonymous_2)
FN:22,(anonymous_3)
FN:29,(anonymous_4)
FN:32,(anonymous_5)
FN:39,(anonymous_6)
FNF:7
FNH:7
FNDA:8,(anonymous_0)
FNDA:5,(anonymous_1)
FNDA:2,(anonymous_2)
FNDA:2,(anonymous_3)
FNDA:2,(anonymous_4)
FNDA:5,(anonymous_5)
FNDA:2,(anonymous_6)
DA:1,1
DA:2,1
DA:4,1
DA:5,8
DA:6,8
DA:9,5
DA:10,3
DA:12,2
DA:16,2
DA:17,1
DA:19,1
DA:23,2
DA:24,1
DA:26,1
DA:30,2
DA:33,5
DA:34,1
DA:36,4
DA:40,2
LF:19
LH:19
BRDA:9,0,0,3
BRDA:9,0,1,2
BRDA:16,1,0,1
BRDA:16,1,1,1
BRDA:23,2,0,1
BRDA:23,2,1,1
BRDA:33,3,0,1
BRDA:33,3,1,4
BRF:8
BRH:8
end_of_record
